Arguments: 
  /nix/store/9g2w08zkmj60d97bc0ci62w6msfdi9av-nodejs-14.18.3/bin/node /nix/store/ylaybq7lj0yr3w5jcmrba9rhb8nlcflz-yarn-1.22.17/bin/yarn add @trendmicro/reac-sidenav

PATH: 
  /home/runner/battleSnakeChat/.config/npm/node_global/bin:/home/runner/battleSnakeChat/node_modules/.bin:/nix/store/bccsypsvjskpzsgzww8bzjgqmck4bjbf-bash-interactive-5.1-p8/bin:/nix/store/bqmg7l0jn6nhgjlfc981g1imzb6ny8xl-patchelf-0.13/bin:/nix/store/2qwnn6lizc9d119kp3zig3q19gbfm4n6-gcc-wrapper-10.3.0/bin:/nix/store/6r5h4h7nqx73m87j5b9sjwy2x9kyri0k-gcc-10.3.0/bin:/nix/store/csz8v8xi2f644j26n84i20dnqmq43sih-glibc-2.33-117-bin/bin:/nix/store/jd1y449cf66yx5d1hwyjvc4562b1p1am-coreutils-9.0/bin:/nix/store/spm7d6ncyx2k5w8yl6clzynv2s4wf1kp-binutils-wrapper-2.35.2/bin:/nix/store/h19zwlkrp6b0hp3ypbqdcggnyarn3af6-binutils-2.35.2/bin:/nix/store/ra8r42571xvv1m85wanh1ll9mxmp0mwl-nodejs-16.13.2/bin:/nix/store/rszcnphk27fvfr2hq5pcr07jccf2dqy1-typescript-language-server-0.9.6/bin:/nix/store/ylaybq7lj0yr3w5jcmrba9rhb8nlcflz-yarn-1.22.17/bin:/nix/store/z3f1lqsxb31bzv36wzmjj3qp9gp9ci14-jest-cli-23.6.0/bin:/nix/store/jjvw20r6pz3ff7pn91yhvfx8s7izsqan-findutils-4.8.0/bin:/nix/store/ndd6gh8zigjy0j68arj7nyrbcw4kcw01-diffutils-3.8/bin:/nix/store/bpg0ia8nkavzw7s66avi1f9nz72i1p3r-gnused-4.8/bin:/nix/store/df3ff57sbkgbdhc4ar19zs4y0hrhggii-gnugrep-3.7/bin:/nix/store/4fv981732jqzirah3h2y6ynmlsfbxb37-gawk-5.1.1/bin:/nix/store/k5ifa08z0qlkknnb8s1bdh2kdrx0qmd0-gnutar-1.34/bin:/nix/store/dcird3wn9xywy49w3qq1hpjwvjfn3lph-gzip-1.11/bin:/nix/store/s85iyc3p9nbinwvwx9rcqirf1m68zpmm-bzip2-1.0.6.0.2-bin/bin:/nix/store/msncxcf5lgy5by9cqjyxchxd26x47d64-gnumake-4.3/bin:/nix/store/bm7jr70d9ghn5cczb3q0w90apsm05p54-bash-5.1-p8/bin:/nix/store/gi3psbgxbf2fmvgi36pmw77nnh58vq3l-patch-2.7.6/bin:/nix/store/sqb20f4rk80lw21j4is85qwljlphmn3g-xz-5.2.5-bin/bin:/nix/store/sgqd0ajghcv2axfl1lad0b1alyavp0dc-prybar-elisp-0.0.0-67f7a00/bin:/nix/store/p3hsvljpgs68jqwar41lc0jqhjj734lf-prybar-lua-0.0.0-67f7a00/bin:/nix/store/qzxs2gybds3s9kb1vkaflpgm2nwr85fh-prybar-python3-0.0.0-67f7a00/bin:/nix/store/km94z9mxp8w4m8gxxp5mbfpdf3nkfvd8-prybar-sqlite-0.0.0-67f7a00/bin:/nix/store/2pnc7b76asw0z59c4l6h6qy8arwqrii1-prybar-tcl-0.0.0-67f7a00/bin:/nix/store/hpbvrlwd5viqmvcaisb3x0118i913a9n-stderred-0.1.0/bin:/nix/store/g0nbhxqkc1whlkijq74ix65llwr453hj-upm-0.0.0-872ae29/bin:/nix/store/y3j69wd32bd6jzkvj2qyq415izm5ns45-pid1/bin:/nix/store/22jj08nss8zvbgk52ikj09ssg6rw84rv-silver-searcher-2.2.0/bin:/nix/store/d3whkb9c3znnicbj5m6g5qwa7ia60z8i-bash/bin:/nix/store/176gh50y24c0lx2bnnmsvf9wazb73php-coreutils-9.0/bin:/nix/store/zaamc32wijqka1mg8w2gr1f6bgvs7yyz-vscode-cpptools-dap-1.3.1/bin:/nix/store/ann2w0blx5vrc8mw1hwnvb37gry6ci9a-replit-python-dap-wrapper-1.0.0/bin:/nix/store/gvzyha79wkr1xazax4fd9nnbj8yp9rv6-node-dap/bin:/nix/store/lyzn4qly8k878lgfy1b399w58q4khys2-fluxbox/bin:/nix/store/29fdcv1yhlll61ml8a31qdkrbprxd7gs-prybar-nodejs-0.0.0-67f7a00/bin:/nix/store/mav4251if1ahjq5vkpwycyyvnmy459c4-pulseaudio-14.2/bin:/nix/store/2py1rvdx7y7fbi0yffw7dq2bacd15605-rfbproxy-0.0.0-b81eb2f/bin:/nix/store/xwl0wqr3g68mx2b60qja3kn865gf45x5-toml-editor-0.0.0-5aba775/bin:/nix/store/bfmyvk668bl0n294qancg8sg5x42p9vx-nix-editor-0.0.0-8e65b7f/bin:/nix/store/0b2bvviijkvq2nvm04dbq3lwlq7h742m-tigervnc-1.12.0/bin:/nix/store/7v07bmyfjq0jdnx6xwxlib05na8kksdf-xwininfo-1.1.4/bin:/nix/store/pv89r9i1d8ajin2vp7qfs63nakg7s17k-replbox/bin:/nix/store/4522jkjzj2nlx2z67325aylg6ngvvg2h-curl-7.80.0-bin/bin:/nix/store/sdpqvnmahizaxbs3nnzmgfgyqsdxb1bw-gnutar-1.34/bin:/nix/store/hisqvx32cd57apbpcsnkpx6k3549wql1-libglvnd-1.4.0/bin:/nix/store/pb6sp9j9bv7s3bk1biqq05w73f40gpg8-ripgrep-13.0.0/bin:/home/runner/.nix-profile/bin:/home/runner/.local/bin:/usr/local/sbin:/usr/local/bin:/usr/sbin:/usr/bin:/sbin:/bin

Yarn version: 
  1.22.17

Node version: 
  14.18.3

Platform: 
  linux x64

Trace: 
  Error: https://registry.yarnpkg.com/@trendmicro%2freac-sidenav: Not found
      at Request.params.callback [as _callback] (/nix/store/ylaybq7lj0yr3w5jcmrba9rhb8nlcflz-yarn-1.22.17/libexec/yarn/lib/cli.js:67029:18)
      at Request.self.callback (/nix/store/ylaybq7lj0yr3w5jcmrba9rhb8nlcflz-yarn-1.22.17/libexec/yarn/lib/cli.js:140883:22)
      at Request.emit (events.js:400:28)
      at Request.<anonymous> (/nix/store/ylaybq7lj0yr3w5jcmrba9rhb8nlcflz-yarn-1.22.17/libexec/yarn/lib/cli.js:141855:10)
      at Request.emit (events.js:400:28)
      at IncomingMessage.<anonymous> (/nix/store/ylaybq7lj0yr3w5jcmrba9rhb8nlcflz-yarn-1.22.17/libexec/yarn/lib/cli.js:141777:12)
      at Object.onceWrapper (events.js:519:28)
      at IncomingMessage.emit (events.js:412:35)
      at endReadableNT (internal/streams/readable.js:1334:12)
      at processTicksAndRejections (internal/process/task_queues.js:82:21)

npm manifest: 
  {
    "name": "react-typescript",
    "version": "1.0.0",
    "type": "module",
    "description": "React TypeScript on Replit, using Vite bundler",
    "scripts": {
      "dev": "vite",
      "build": "tsc && vite build",
      "preview": "vite preview"
    },
    "keywords": [],
    "author": "",
    "license": "ISC",
    "dependencies": {
      "@trendmicro/react-sidenav": "^0.5.0"
    },
    "devDependencies": {
      "@types/react": "^18.0.15",
      "@types/react-dom": "^18.0.6",
      "@vitejs/plugin-react": "^2.0.0",
      "react": "^18.2.0",
      "react-dom": "^18.2.0",
      "typescript": "^4.7.4",
      "typescript-language-server": "^0.11.2",
      "vite": "^3.1.4"
    }
  }

yarn manifest: 
  No manifest

Lockfile: 
  # THIS IS AN AUTOGENERATED FILE. DO NOT EDIT THIS FILE DIRECTLY.
  # yarn lockfile v1
  
  
  "@ampproject/remapping@^2.1.0":
    version "2.2.0"
    resolved "https://registry.npmjs.org/@ampproject/remapping/-/remapping-2.2.0.tgz"
    integrity sha512-qRmjj8nj9qmLTQXXmaR1cck3UXSRMPrbsLJAasZpF+t3riI71BXed5ebIOYwQntykeZuhjsdweEc9BxH5Jc26w==
    dependencies:
      "@jridgewell/gen-mapping" "^0.1.0"
      "@jridgewell/trace-mapping" "^0.3.9"
  
  "@babel/code-frame@^7.18.6":
    version "7.18.6"
    resolved "https://registry.npmjs.org/@babel/code-frame/-/code-frame-7.18.6.tgz"
    integrity sha512-TDCmlK5eOvH+eH7cdAFlNXeVJqWIQ7gW9tY1GJIpUtFb6CmjVyq2VM3u71bOyR8CRihcCgMUYoDNyLXao3+70Q==
    dependencies:
      "@babel/highlight" "^7.18.6"
  
  "@babel/compat-data@^7.18.8":
    version "7.18.8"
    resolved "https://registry.npmjs.org/@babel/compat-data/-/compat-data-7.18.8.tgz"
    integrity sha512-HSmX4WZPPK3FUxYp7g2T6EyO8j96HlZJlxmKPSh6KAcqwyDrfx7hKjXpAW/0FhFfTJsR0Yt4lAjLI2coMptIHQ==
  
  "@babel/core@^7.18.6":
    version "7.18.10"
    resolved "https://registry.npmjs.org/@babel/core/-/core-7.18.10.tgz"
    integrity sha512-JQM6k6ENcBFKVtWvLavlvi/mPcpYZ3+R+2EySDEMSMbp7Mn4FexlbbJVrx2R7Ijhr01T8gyqrOaABWIOgxeUyw==
    dependencies:
      "@ampproject/remapping" "^2.1.0"
      "@babel/code-frame" "^7.18.6"
      "@babel/generator" "^7.18.10"
      "@babel/helper-compilation-targets" "^7.18.9"
      "@babel/helper-module-transforms" "^7.18.9"
      "@babel/helpers" "^7.18.9"
      "@babel/parser" "^7.18.10"
      "@babel/template" "^7.18.10"
      "@babel/traverse" "^7.18.10"
      "@babel/types" "^7.18.10"
      convert-source-map "^1.7.0"
      debug "^4.1.0"
      gensync "^1.0.0-beta.2"
      json5 "^2.2.1"
      semver "^6.3.0"
  
  "@babel/generator@^7.18.10":
    version "7.18.10"
    resolved "https://registry.npmjs.org/@babel/generator/-/generator-7.18.10.tgz"
    integrity sha512-0+sW7e3HjQbiHbj1NeU/vN8ornohYlacAfZIaXhdoGweQqgcNy69COVciYYqEXJ/v+9OBA7Frxm4CVAuNqKeNA==
    dependencies:
      "@babel/types" "^7.18.10"
      "@jridgewell/gen-mapping" "^0.3.2"
      jsesc "^2.5.1"
  
  "@babel/helper-annotate-as-pure@^7.18.6":
    version "7.18.6"
    resolved "https://registry.npmjs.org/@babel/helper-annotate-as-pure/-/helper-annotate-as-pure-7.18.6.tgz"
    integrity sha512-duORpUiYrEpzKIop6iNbjnwKLAKnJ47csTyRACyEmWj0QdUrm5aqNJGHSSEQSUAvNW0ojX0dOmK9dZduvkfeXA==
    dependencies:
      "@babel/types" "^7.18.6"
  
  "@babel/helper-compilation-targets@^7.18.9":
    version "7.18.9"
    resolved "https://registry.npmjs.org/@babel/helper-compilation-targets/-/helper-compilation-targets-7.18.9.tgz"
    integrity sha512-tzLCyVmqUiFlcFoAPLA/gL9TeYrF61VLNtb+hvkuVaB5SUjW7jcfrglBIX1vUIoT7CLP3bBlIMeyEsIl2eFQNg==
    dependencies:
      "@babel/compat-data" "^7.18.8"
      "@babel/helper-validator-option" "^7.18.6"
      browserslist "^4.20.2"
      semver "^6.3.0"
  
  "@babel/helper-environment-visitor@^7.18.9":
    version "7.18.9"
    resolved "https://registry.npmjs.org/@babel/helper-environment-visitor/-/helper-environment-visitor-7.18.9.tgz"
    integrity sha512-3r/aACDJ3fhQ/EVgFy0hpj8oHyHpQc+LPtJoY9SzTThAsStm4Ptegq92vqKoE3vD706ZVFWITnMnxucw+S9Ipg==
  
  "@babel/helper-function-name@^7.18.9":
    version "7.18.9"
    resolved "https://registry.npmjs.org/@babel/helper-function-name/-/helper-function-name-7.18.9.tgz"
    integrity sha512-fJgWlZt7nxGksJS9a0XdSaI4XvpExnNIgRP+rVefWh5U7BL8pPuir6SJUmFKRfjWQ51OtWSzwOxhaH/EBWWc0A==
    dependencies:
      "@babel/template" "^7.18.6"
      "@babel/types" "^7.18.9"
  
  "@babel/helper-hoist-variables@^7.18.6":
    version "7.18.6"
    resolved "https://registry.npmjs.org/@babel/helper-hoist-variables/-/helper-hoist-variables-7.18.6.tgz"
    integrity sha512-UlJQPkFqFULIcyW5sbzgbkxn2FKRgwWiRexcuaR8RNJRy8+LLveqPjwZV/bwrLZCN0eUHD/x8D0heK1ozuoo6Q==
    dependencies:
      "@babel/types" "^7.18.6"
  
  "@babel/helper-module-imports@^7.18.6":
    version "7.18.6"
    resolved "https://registry.npmjs.org/@babel/helper-module-imports/-/helper-module-imports-7.18.6.tgz"
    integrity sha512-0NFvs3VkuSYbFi1x2Vd6tKrywq+z/cLeYC/RJNFrIX/30Bf5aiGYbtvGXolEktzJH8o5E5KJ3tT+nkxuuZFVlA==
    dependencies:
      "@babel/types" "^7.18.6"
  
  "@babel/helper-module-transforms@^7.18.9":
    version "7.18.9"
    resolved "https://registry.npmjs.org/@babel/helper-module-transforms/-/helper-module-transforms-7.18.9.tgz"
    integrity sha512-KYNqY0ICwfv19b31XzvmI/mfcylOzbLtowkw+mfvGPAQ3kfCnMLYbED3YecL5tPd8nAYFQFAd6JHp2LxZk/J1g==
    dependencies:
      "@babel/helper-environment-visitor" "^7.18.9"
      "@babel/helper-module-imports" "^7.18.6"
      "@babel/helper-simple-access" "^7.18.6"
      "@babel/helper-split-export-declaration" "^7.18.6"
      "@babel/helper-validator-identifier" "^7.18.6"
      "@babel/template" "^7.18.6"
      "@babel/traverse" "^7.18.9"
      "@babel/types" "^7.18.9"
  
  "@babel/helper-plugin-utils@^7.18.6", "@babel/helper-plugin-utils@^7.18.9":
    version "7.18.9"
    resolved "https://registry.npmjs.org/@babel/helper-plugin-utils/-/helper-plugin-utils-7.18.9.tgz"
    integrity sha512-aBXPT3bmtLryXaoJLyYPXPlSD4p1ld9aYeR+sJNOZjJJGiOpb+fKfh3NkcCu7J54nUJwCERPBExCCpyCOHnu/w==
  
  "@babel/helper-simple-access@^7.18.6":
    version "7.18.6"
    resolved "https://registry.npmjs.org/@babel/helper-simple-access/-/helper-simple-access-7.18.6.tgz"
    integrity sha512-iNpIgTgyAvDQpDj76POqg+YEt8fPxx3yaNBg3S30dxNKm2SWfYhD0TGrK/Eu9wHpUW63VQU894TsTg+GLbUa1g==
    dependencies:
      "@babel/types" "^7.18.6"
  
  "@babel/helper-split-export-declaration@^7.18.6":
    version "7.18.6"
    resolved "https://registry.npmjs.org/@babel/helper-split-export-declaration/-/helper-split-export-declaration-7.18.6.tgz"
    integrity sha512-bde1etTx6ZyTmobl9LLMMQsaizFVZrquTEHOqKeQESMKo4PlObf+8+JA25ZsIpZhT/WEd39+vOdLXAFG/nELpA==
    dependencies:
      "@babel/types" "^7.18.6"
  
  "@babel/helper-string-parser@^7.18.10":
    version "7.18.10"
    resolved "https://registry.npmjs.org/@babel/helper-string-parser/-/helper-string-parser-7.18.10.tgz"
    integrity sha512-XtIfWmeNY3i4t7t4D2t02q50HvqHybPqW2ki1kosnvWCwuCMeo81Jf0gwr85jy/neUdg5XDdeFE/80DXiO+njw==
  
  "@babel/helper-validator-identifier@^7.18.6":
    version "7.18.6"
    resolved "https://registry.npmjs.org/@babel/helper-validator-identifier/-/helper-validator-identifier-7.18.6.tgz"
    integrity sha512-MmetCkz9ej86nJQV+sFCxoGGrUbU3q02kgLciwkrt9QqEB7cP39oKEY0PakknEO0Gu20SskMRi+AYZ3b1TpN9g==
  
  "@babel/helper-validator-option@^7.18.6":
    version "7.18.6"
    resolved "https://registry.npmjs.org/@babel/helper-validator-option/-/helper-validator-option-7.18.6.tgz"
    integrity sha512-XO7gESt5ouv/LRJdrVjkShckw6STTaB7l9BrpBaAHDeF5YZT+01PCwmR0SJHnkW6i8OwW/EVWRShfi4j2x+KQw==
  
  "@babel/helpers@^7.18.9":
    version "7.18.9"
    resolved "https://registry.npmjs.org/@babel/helpers/-/helpers-7.18.9.tgz"
    integrity sha512-Jf5a+rbrLoR4eNdUmnFu8cN5eNJT6qdTdOg5IHIzq87WwyRw9PwguLFOWYgktN/60IP4fgDUawJvs7PjQIzELQ==
    dependencies:
      "@babel/template" "^7.18.6"
      "@babel/traverse" "^7.18.9"
      "@babel/types" "^7.18.9"
  
  "@babel/highlight@^7.18.6":
    version "7.18.6"
    resolved "https://registry.npmjs.org/@babel/highlight/-/highlight-7.18.6.tgz"
    integrity sha512-u7stbOuYjaPezCuLj29hNW1v64M2Md2qupEKP1fHc7WdOA3DgLh37suiSrZYY7haUB7iBeQZ9P1uiRF359do3g==
    dependencies:
      "@babel/helper-validator-identifier" "^7.18.6"
      chalk "^2.0.0"
      js-tokens "^4.0.0"
  
  "@babel/parser@^7.18.10":
    version "7.18.10"
    resolved "https://registry.npmjs.org/@babel/parser/-/parser-7.18.10.tgz"
    integrity sha512-TYk3OA0HKL6qNryUayb5UUEhM/rkOQozIBEA5ITXh5DWrSp0TlUQXMyZmnWxG/DizSWBeeQ0Zbc5z8UGaaqoeg==
  
  "@babel/plugin-syntax-jsx@^7.18.6":
    version "7.18.6"
    resolved "https://registry.npmjs.org/@babel/plugin-syntax-jsx/-/plugin-syntax-jsx-7.18.6.tgz"
    integrity sha512-6mmljtAedFGTWu2p/8WIORGwy+61PLgOMPOdazc7YoJ9ZCWUyFy3A6CpPkRKLKD1ToAesxX8KGEViAiLo9N+7Q==
    dependencies:
      "@babel/helper-plugin-utils" "^7.18.6"
  
  "@babel/plugin-transform-react-jsx-development@^7.18.6":
    version "7.18.6"
    resolved "https://registry.npmjs.org/@babel/plugin-transform-react-jsx-development/-/plugin-transform-react-jsx-development-7.18.6.tgz"
    integrity sha512-SA6HEjwYFKF7WDjWcMcMGUimmw/nhNRDWxr+KaLSCrkD/LMDBvWRmHAYgE1HDeF8KUuI8OAu+RT6EOtKxSW2qA==
    dependencies:
      "@babel/plugin-transform-react-jsx" "^7.18.6"
  
  "@babel/plugin-transform-react-jsx-self@^7.18.6":
    version "7.18.6"
    resolved "https://registry.npmjs.org/@babel/plugin-transform-react-jsx-self/-/plugin-transform-react-jsx-self-7.18.6.tgz"
    integrity sha512-A0LQGx4+4Jv7u/tWzoJF7alZwnBDQd6cGLh9P+Ttk4dpiL+J5p7NSNv/9tlEFFJDq3kjxOavWmbm6t0Gk+A3Ig==
    dependencies:
      "@babel/helper-plugin-utils" "^7.18.6"
  
  "@babel/plugin-transform-react-jsx-source@^7.18.6":
    version "7.18.6"
    resolved "https://registry.npmjs.org/@babel/plugin-transform-react-jsx-source/-/plugin-transform-react-jsx-source-7.18.6.tgz"
    integrity sha512-utZmlASneDfdaMh0m/WausbjUjEdGrQJz0vFK93d7wD3xf5wBtX219+q6IlCNZeguIcxS2f/CvLZrlLSvSHQXw==
    dependencies:
      "@babel/helper-plugin-utils" "^7.18.6"
  
  "@babel/plugin-transform-react-jsx@^7.18.6":
    version "7.18.10"
    resolved "https://registry.npmjs.org/@babel/plugin-transform-react-jsx/-/plugin-transform-react-jsx-7.18.10.tgz"
    integrity sha512-gCy7Iikrpu3IZjYZolFE4M1Sm+nrh1/6za2Ewj77Z+XirT4TsbJcvOFOyF+fRPwU6AKKK136CZxx6L8AbSFG6A==
    dependencies:
      "@babel/helper-annotate-as-pure" "^7.18.6"
      "@babel/helper-module-imports" "^7.18.6"
      "@babel/helper-plugin-utils" "^7.18.9"
      "@babel/plugin-syntax-jsx" "^7.18.6"
      "@babel/types" "^7.18.10"
  
  "@babel/runtime@^7.6.3":
    version "7.20.6"
    resolved "https://registry.npmjs.org/@babel/runtime/-/runtime-7.20.6.tgz"
    integrity sha512-Q+8MqP7TiHMWzSfwiJwXCjyf4GYA4Dgw3emg/7xmwsdLJOZUp+nMqcOwOzzYheuM1rhDu8FSj2l0aoMygEuXuA==
    dependencies:
      regenerator-runtime "^0.13.11"
  
  "@babel/template@^7.18.10", "@babel/template@^7.18.6":
    version "7.18.10"
    resolved "https://registry.npmjs.org/@babel/template/-/template-7.18.10.tgz"
    integrity sha512-TI+rCtooWHr3QJ27kJxfjutghu44DLnasDMwpDqCXVTal9RLp3RSYNh4NdBrRP2cQAoG9A8juOQl6P6oZG4JxA==
    dependencies:
      "@babel/code-frame" "^7.18.6"
      "@babel/parser" "^7.18.10"
      "@babel/types" "^7.18.10"
  
  "@babel/traverse@^7.18.10", "@babel/traverse@^7.18.9":
    version "7.18.10"
    resolved "https://registry.npmjs.org/@babel/traverse/-/traverse-7.18.10.tgz"
    integrity sha512-J7ycxg0/K9XCtLyHf0cz2DqDihonJeIo+z+HEdRe9YuT8TY4A66i+Ab2/xZCEW7Ro60bPCBBfqqboHSamoV3+g==
    dependencies:
      "@babel/code-frame" "^7.18.6"
      "@babel/generator" "^7.18.10"
      "@babel/helper-environment-visitor" "^7.18.9"
      "@babel/helper-function-name" "^7.18.9"
      "@babel/helper-hoist-variables" "^7.18.6"
      "@babel/helper-split-export-declaration" "^7.18.6"
      "@babel/parser" "^7.18.10"
      "@babel/types" "^7.18.10"
      debug "^4.1.0"
      globals "^11.1.0"
  
  "@babel/types@^7.18.10", "@babel/types@^7.18.6", "@babel/types@^7.18.9":
    version "7.18.10"
    resolved "https://registry.npmjs.org/@babel/types/-/types-7.18.10.tgz"
    integrity sha512-MJvnbEiiNkpjo+LknnmRrqbY1GPUUggjv+wQVjetM/AONoupqRALB7I6jGqNUAZsKcRIEu2J6FRFvsczljjsaQ==
    dependencies:
      "@babel/helper-string-parser" "^7.18.10"
      "@babel/helper-validator-identifier" "^7.18.6"
      to-fast-properties "^2.0.0"
  
  "@esbuild/android-arm@0.15.10":
    version "0.15.10"
    resolved "https://registry.yarnpkg.com/@esbuild/android-arm/-/android-arm-0.15.10.tgz#a5f9432eb221afc243c321058ef25fe899886892"
    integrity sha512-FNONeQPy/ox+5NBkcSbYJxoXj9GWu8gVGJTVmUyoOCKQFDTrHVKgNSzChdNt0I8Aj/iKcsDf2r9BFwv+FSNUXg==
  
  "@esbuild/linux-loong64@0.15.10":
    version "0.15.10"
    resolved "https://registry.yarnpkg.com/@esbuild/linux-loong64/-/linux-loong64-0.15.10.tgz#78a42897c2cf8db9fd5f1811f7590393b77774c7"
    integrity sha512-w0Ou3Z83LOYEkwaui2M8VwIp+nLi/NA60lBLMvaJ+vXVMcsARYdEzLNE7RSm4+lSg4zq4d7fAVuzk7PNQ5JFgg==
  
  "@jridgewell/gen-mapping@^0.1.0":
    version "0.1.1"
    resolved "https://registry.npmjs.org/@jridgewell/gen-mapping/-/gen-mapping-0.1.1.tgz"
    integrity sha512-sQXCasFk+U8lWYEe66WxRDOE9PjVz4vSM51fTu3Hw+ClTpUSQb718772vH3pyS5pShp6lvQM7SxgIDXXXmOX7w==
    dependencies:
      "@jridgewell/set-array" "^1.0.0"
      "@jridgewell/sourcemap-codec" "^1.4.10"
  
  "@jridgewell/gen-mapping@^0.3.2":
    version "0.3.2"
    resolved "https://registry.npmjs.org/@jridgewell/gen-mapping/-/gen-mapping-0.3.2.tgz"
    integrity sha512-mh65xKQAzI6iBcFzwv28KVWSmCkdRBWoOh+bYQGW3+6OZvbbN3TqMGo5hqYxQniRcH9F2VZIoJCm4pa3BPDK/A==
    dependencies:
      "@jridgewell/set-array" "^1.0.1"
      "@jridgewell/sourcemap-codec" "^1.4.10"
      "@jridgewell/trace-mapping" "^0.3.9"
  
  "@jridgewell/resolve-uri@^3.0.3":
    version "3.0.6"
    resolved "https://registry.npmjs.org/@jridgewell/resolve-uri/-/resolve-uri-3.0.6.tgz"
    integrity sha512-R7xHtBSNm+9SyvpJkdQl+qrM3Hm2fea3Ef197M3mUug+v+yR+Rhfbs7PBtcBUVnIWJ4JcAdjvij+c8hXS9p5aw==
  
  "@jridgewell/set-array@^1.0.0", "@jridgewell/set-array@^1.0.1":
    version "1.1.2"
    resolved "https://registry.npmjs.org/@jridgewell/set-array/-/set-array-1.1.2.tgz"
    integrity sha512-xnkseuNADM0gt2bs+BvhO0p78Mk762YnZdsuzFV018NoG1Sj1SCQvpSqa7XUaTam5vAGasABV9qXASMKnFMwMw==
  
  "@jridgewell/sourcemap-codec@^1.4.10":
    version "1.4.11"
    resolved "https://registry.npmjs.org/@jridgewell/sourcemap-codec/-/sourcemap-codec-1.4.11.tgz"
    integrity sha512-Fg32GrJo61m+VqYSdRSjRXMjQ06j8YIYfcTqndLYVAaHmroZHLJZCydsWBOTDqXS2v+mjxohBWEMfg97GXmYQg==
  
  "@jridgewell/trace-mapping@^0.3.9":
    version "0.3.9"
    resolved "https://registry.npmjs.org/@jridgewell/trace-mapping/-/trace-mapping-0.3.9.tgz"
    integrity sha512-3Belt6tdc8bPgAtbcmdtNJlirVoTmEb5e2gC94PnkwEW9jI6CAHUeoG85tjWP5WquqfavoMtMwiG4P926ZKKuQ==
    dependencies:
      "@jridgewell/resolve-uri" "^3.0.3"
      "@jridgewell/sourcemap-codec" "^1.4.10"
  
  "@nodelib/fs.scandir@2.1.5":
    version "2.1.5"
    resolved "https://registry.npmjs.org/@nodelib/fs.scandir/-/fs.scandir-2.1.5.tgz"
    integrity sha512-vq24Bq3ym5HEQm2NKCr3yXDwjc7vTsEThRDnkp2DK9p1uqLR+DHurm/NOTo0KG7HYHU7eppKZj3MyqYuMBf62g==
    dependencies:
      "@nodelib/fs.stat" "2.0.5"
      run-parallel "^1.1.9"
  
  "@nodelib/fs.stat@2.0.5", "@nodelib/fs.stat@^2.0.2":
    version "2.0.5"
    resolved "https://registry.npmjs.org/@nodelib/fs.stat/-/fs.stat-2.0.5.tgz"
    integrity sha512-RkhPPp2zrqDAQA/2jNhnztcPAlv64XdhIp7a7454A5ovI7Bukxgt7MX7udwAu3zg1DcpPU0rz3VV1SeaqvY4+A==
  
  "@nodelib/fs.walk@^1.2.3":
    version "1.2.8"
    resolved "https://registry.npmjs.org/@nodelib/fs.walk/-/fs.walk-1.2.8.tgz"
    integrity sha512-oGB+UxlgWcgQkgwo8GcEGwemoTFt3FIO9ababBmaGwXIoBKZ+GTy0pP185beGg7Llih/NSHSV2XAs1lnznocSg==
    dependencies:
      "@nodelib/fs.scandir" "2.1.5"
      fastq "^1.6.0"
  
  "@trendmicro/react-sidenav@^0.5.0":
    version "0.5.0"
    resolved "https://registry.yarnpkg.com/@trendmicro/react-sidenav/-/react-sidenav-0.5.0.tgz#6412d9b8c09c603e72a9615d47f76602ce52e958"
    integrity sha512-NBitXTtBda763gcU27hQu6zTnq4dq1ngoB3U1h8oK2WowdTl757mqMOnuDa1dU1dgND+YLY5Q96s5NoUOjfvqA==
    dependencies:
      chained-function "^0.5.0"
      classnames "^2.2.5"
      prop-types "^15.6.0"
      uncontrollable "^7.1.1"
      warning "^3.0.0"
  
  "@types/prop-types@*":
    version "15.7.5"
    resolved "https://registry.npmjs.org/@types/prop-types/-/prop-types-15.7.5.tgz"
    integrity sha512-JCB8C6SnDoQf0cNycqd/35A7MjcnK+ZTqE7judS6o7utxUCg6imJg3QK2qzHKszlTjcj2cn+NwMB2i96ubpj7w==
  
  "@types/react-dom@^18.0.6":
    version "18.0.6"
    resolved "https://registry.npmjs.org/@types/react-dom/-/react-dom-18.0.6.tgz"
    integrity sha512-/5OFZgfIPSwy+YuIBP/FgJnQnsxhZhjjrnxudMddeblOouIodEQ75X14Rr4wGSG/bknL+Omy9iWlLo1u/9GzAA==
    dependencies:
      "@types/react" "*"
  
  "@types/react@*", "@types/react@>=16.9.11", "@types/react@^18.0.15":
    version "18.0.15"
    resolved "https://registry.npmjs.org/@types/react/-/react-18.0.15.tgz"
    integrity sha512-iz3BtLuIYH1uWdsv6wXYdhozhqj20oD4/Hk2DNXIn1kFsmp9x8d9QB6FnPhfkbhd2PgEONt9Q1x/ebkwjfFLow==
    dependencies:
      "@types/prop-types" "*"
      "@types/scheduler" "*"
      csstype "^3.0.2"
  
  "@types/scheduler@*":
    version "0.16.2"
    resolved "https://registry.npmjs.org/@types/scheduler/-/scheduler-0.16.2.tgz"
    integrity sha512-hppQEBDmlwhFAXKJX2KnWLYu5yMfi91yazPb2l+lbJiwW+wdo1gNeRA+3RgNSO39WYX2euey41KEwnqesU2Jew==
  
  "@vitejs/plugin-react@^2.0.0":
    version "2.0.0"
    resolved "https://registry.npmjs.org/@vitejs/plugin-react/-/plugin-react-2.0.0.tgz"
    integrity sha512-zHkRR+X4zqEPNBbKV2FvWSxK7Q6crjMBVIAYroSU8Nbb4M3E5x4qOiLoqJBHtXgr27kfednXjkwr3lr8jS6Wrw==
    dependencies:
      "@babel/core" "^7.18.6"
      "@babel/plugin-transform-react-jsx" "^7.18.6"
      "@babel/plugin-transform-react-jsx-development" "^7.18.6"
      "@babel/plugin-transform-react-jsx-self" "^7.18.6"
      "@babel/plugin-transform-react-jsx-source" "^7.18.6"
      magic-string "^0.26.2"
      react-refresh "^0.14.0"
  
  aggregate-error@^3.0.0:
    version "3.1.0"
    resolved "https://registry.npmjs.org/aggregate-error/-/aggregate-error-3.1.0.tgz"
    integrity sha512-4I7Td01quW/RpocfNayFdFVk1qSuoh0E7JrbRJ16nH01HhKFQ88INq9Sd+nd72zqRySlr9BmDA8xlEJ6vJMrYA==
    dependencies:
      clean-stack "^2.0.0"
      indent-string "^4.0.0"
  
  ansi-styles@^3.2.1:
    version "3.2.1"
    resolved "https://registry.npmjs.org/ansi-styles/-/ansi-styles-3.2.1.tgz"
    integrity sha512-VT0ZI6kZRdTh8YyJw3SMbYm/u+NqfsAxEpWO0Pf9sq8/e94WxxOpPKx9FR1FlyCtOVDNOQ+8ntlqFxiRc+r5qA==
    dependencies:
      color-convert "^1.9.0"
  
  array-union@^2.1.0:
    version "2.1.0"
    resolved "https://registry.npmjs.org/array-union/-/array-union-2.1.0.tgz"
    integrity sha512-HGyxoOTYUyCM6stUe6EJgnd4EoewAI7zMdfqO+kGjnlZmBDz/cR5pf8r/cR4Wq60sL/p0IkcjUEEPwS3GFrIyw==
  
  balanced-match@^1.0.0:
    version "1.0.2"
    resolved "https://registry.npmjs.org/balanced-match/-/balanced-match-1.0.2.tgz"
    integrity sha512-3oSeUO0TMV67hN1AmbXsK4yaqU7tjiHlbxRDZOpH0KW9+CeX4bRAaX0Anxt0tx2MrpRpWwQaPwIlISEJhYU5Pw==
  
  brace-expansion@^1.1.7:
    version "1.1.11"
    resolved "https://registry.npmjs.org/brace-expansion/-/brace-expansion-1.1.11.tgz"
    integrity sha512-iCuPHDFgrHX7H2vEI/5xpz07zSHB00TpugqhmYtVmMO6518mCuRMoOYFldEBl0g187ufozdaHgWKcYFb61qGiA==
    dependencies:
      balanced-match "^1.0.0"
      concat-map "0.0.1"
  
  braces@^3.0.2:
    version "3.0.2"
    resolved "https://registry.npmjs.org/braces/-/braces-3.0.2.tgz"
    integrity sha512-b8um+L1RzM3WDSzvhm6gIz1yfTbBt6YTlcEKAvsmqCZZFw46z626lVj9j1yEPW33H5H+lBQpZMP1k8l+78Ha0A==
    dependencies:
      fill-range "^7.0.1"
  
  browserslist@^4.20.2:
    version "4.21.3"
    resolved "https://registry.npmjs.org/browserslist/-/browserslist-4.21.3.tgz"
    integrity sha512-898rgRXLAyRkM1GryrrBHGkqA5hlpkV5MhtZwg9QXeiyLUYs2k00Un05aX5l2/yJIOObYKOpS2JNo8nJDE7fWQ==
    dependencies:
      caniuse-lite "^1.0.30001370"
      electron-to-chromium "^1.4.202"
      node-releases "^2.0.6"
      update-browserslist-db "^1.0.5"
  
  caniuse-lite@^1.0.30001370:
    version "1.0.30001373"
    resolved "https://registry.npmjs.org/caniuse-lite/-/caniuse-lite-1.0.30001373.tgz"
    integrity sha512-pJYArGHrPp3TUqQzFYRmP/lwJlj8RCbVe3Gd3eJQkAV8SAC6b19XS9BjMvRdvaS8RMkaTN8ZhoHP6S1y8zzwEQ==
  
  chained-function@^0.5.0:
    version "0.5.0"
    resolved "https://registry.npmjs.org/chained-function/-/chained-function-0.5.0.tgz"
    integrity sha512-Cq1nLFdK/dxHZNLjmA+LpH4ABI4knigZoCQEDzZt6AAG0GlylcRlTSu2qbwq3O5fJ8TosEJwB0YjtpHsb2FIGA==
  
  chalk@^2.0.0:
    version "2.4.2"
    resolved "https://registry.npmjs.org/chalk/-/chalk-2.4.2.tgz"
    integrity sha512-Mti+f9lpJNcwF4tWV8/OrTTtF1gZi+f8FqlyAdouralcFWFQWF2+NgCHShjkCb+IFBLq9buZwE1xckQU4peSuQ==
    dependencies:
      ansi-styles "^3.2.1"
      escape-string-regexp "^1.0.5"
      supports-color "^5.3.0"
  
  classnames@^2.2.5:
    version "2.3.2"
    resolved "https://registry.npmjs.org/classnames/-/classnames-2.3.2.tgz"
    integrity sha512-CSbhY4cFEJRe6/GQzIk5qXZ4Jeg5pcsP7b5peFSDpffpe1cqjASH/n9UTjBwOp6XpMSTwQ8Za2K5V02ueA7Tmw==
  
  clean-stack@^2.0.0:
    version "2.2.0"
    resolved "https://registry.npmjs.org/clean-stack/-/clean-stack-2.2.0.tgz"
    integrity sha512-4diC9HaTE+KRAMWhDhrGOECgWZxoevMc5TlkObMqNSsVU62PYzXZ/SMTjzyGAFF1YusgxGcSWTEXBhp0CPwQ1A==
  
  color-convert@^1.9.0:
    version "1.9.3"
    resolved "https://registry.npmjs.org/color-convert/-/color-convert-1.9.3.tgz"
    integrity sha512-QfAUtd+vFdAtFQcC8CCyYt1fYWxSqAiK2cSD6zDB8N3cpsEBAvRxp9zOGg6G/SHHJYAT88/az/IuDGALsNVbGg==
    dependencies:
      color-name "1.1.3"
  
  color-name@1.1.3:
    version "1.1.3"
    resolved "https://registry.npmjs.org/color-name/-/color-name-1.1.3.tgz"
    integrity sha512-72fSenhMw2HZMTVHeCA9KCmpEIbzWiQsjN+BHcBbS9vr1mtt+vJjPdksIBNUmKAW8TFUDPJK5SUU3QhE9NEXDw==
  
  commander@^9.0.0:
    version "9.4.0"
    resolved "https://registry.npmjs.org/commander/-/commander-9.4.0.tgz"
    integrity sha512-sRPT+umqkz90UA8M1yqYfnHlZA7fF6nSphDtxeywPZ49ysjxDQybzk13CL+mXekDRG92skbcqCLVovuCusNmFw==
  
  concat-map@0.0.1:
    version "0.0.1"
    resolved "https://registry.npmjs.org/concat-map/-/concat-map-0.0.1.tgz"
    integrity sha512-/Srv4dswyQNBfohGpz9o6Yb3Gz3SrUDqBH5rTuhGR7ahtlbYKnVxw2bCFMRljaA7EXHaXZ8wsHdodFvbkhKmqg==
  
  convert-source-map@^1.7.0:
    version "1.8.0"
    resolved "https://registry.npmjs.org/convert-source-map/-/convert-source-map-1.8.0.tgz"
    integrity sha512-+OQdjP49zViI/6i7nIJpA8rAl4sV/JdPfU9nZs3VqOwGIgizICvuN2ru6fMd+4llL0tar18UYJXfZ/TWtmhUjA==
    dependencies:
      safe-buffer "~5.1.1"
  
  crypto-random-string@^2.0.0:
    version "2.0.0"
    resolved "https://registry.npmjs.org/crypto-random-string/-/crypto-random-string-2.0.0.tgz"
    integrity sha512-v1plID3y9r/lPhviJ1wrXpLeyUIGAZ2SHNYTEapm7/8A9nLPoyvVp3RK/EPFqn5kEznyWgYZNsRtYYIWbuG8KA==
  
  csstype@^3.0.2:
    version "3.0.11"
    resolved "https://registry.npmjs.org/csstype/-/csstype-3.0.11.tgz"
    integrity sha512-sa6P2wJ+CAbgyy4KFssIb/JNMLxFvKF1pCYCSXS8ZMuqZnMsrxqI2E5sPyoTpxoPU/gVZMzr2zjOfg8GIZOMsw==
  
  debug@^4.1.0:
    version "4.3.4"
    resolved "https://registry.npmjs.org/debug/-/debug-4.3.4.tgz"
    integrity sha512-PRWFHuSU3eDtQJPvnNY7Jcket1j0t5OuOsFzPPzsekD52Zl8qUfFIPEiswXqIvHWGVHOgX+7G/vCNNhehwxfkQ==
    dependencies:
      ms "2.1.2"
  
  del@^6.0.0:
    version "6.1.1"
    resolved "https://registry.npmjs.org/del/-/del-6.1.1.tgz"
    integrity sha512-ua8BhapfP0JUJKC/zV9yHHDW/rDoDxP4Zhn3AkA6/xT6gY7jYXJiaeyBZznYVujhZZET+UgcbZiQ7sN3WqcImg==
    dependencies:
      globby "^11.0.1"
      graceful-fs "^4.2.4"
      is-glob "^4.0.1"
      is-path-cwd "^2.2.0"
      is-path-inside "^3.0.2"
      p-map "^4.0.0"
      rimraf "^3.0.2"
      slash "^3.0.0"
  
  dir-glob@^3.0.1:
    version "3.0.1"
    resolved "https://registry.npmjs.org/dir-glob/-/dir-glob-3.0.1.tgz"
    integrity sha512-WkrWp9GR4KXfKGYzOLmTuGVi1UWFfws377n9cc55/tb6DuqyF6pcQ5AbiHEshaDpY9v6oaSr2XCDidGmMwdzIA==
    dependencies:
      path-type "^4.0.0"
  
  electron-to-chromium@^1.4.202:
    version "1.4.210"
    resolved "https://registry.npmjs.org/electron-to-chromium/-/electron-to-chromium-1.4.210.tgz"
    integrity sha512-kSiX4tuyZijV7Cz0MWVmGT8K2siqaOA4Z66K5dCttPPRh0HicOcOAEj1KlC8O8J1aOS/1M8rGofOzksLKaHWcQ==
  
  esbuild-android-64@0.15.10:
    version "0.15.10"
    resolved "https://registry.yarnpkg.com/esbuild-android-64/-/esbuild-android-64-0.15.10.tgz#8a59a84acbf2eca96996cadc35642cf055c494f0"
    integrity sha512-UI7krF8OYO1N7JYTgLT9ML5j4+45ra3amLZKx7LO3lmLt1Ibn8t3aZbX5Pu4BjWiqDuJ3m/hsvhPhK/5Y/YpnA==
  
  esbuild-android-arm64@0.15.10:
    version "0.15.10"
    resolved "https://registry.yarnpkg.com/esbuild-android-arm64/-/esbuild-android-arm64-0.15.10.tgz#f453851dc1d8c5409a38cf7613a33852faf4915d"
    integrity sha512-EOt55D6xBk5O05AK8brXUbZmoFj4chM8u3riGflLa6ziEoVvNjRdD7Cnp82NHQGfSHgYR06XsPI8/sMuA/cUwg==
  
  esbuild-darwin-64@0.15.10:
    version "0.15.10"
    resolved "https://registry.yarnpkg.com/esbuild-darwin-64/-/esbuild-darwin-64-0.15.10.tgz#778bd29c8186ff47b176c8af58c08cf0fb8e6b86"
    integrity sha512-hbDJugTicqIm+WKZgp208d7FcXcaK8j2c0l+fqSJ3d2AzQAfjEYDRM3Z2oMeqSJ9uFxyj/muSACLdix7oTstRA==
  
  esbuild-darwin-arm64@0.15.10:
    version "0.15.10"
    resolved "https://registry.yarnpkg.com/esbuild-darwin-arm64/-/esbuild-darwin-arm64-0.15.10.tgz#b30bbefb46dc3c5d4708b0435e52f6456578d6df"
    integrity sha512-M1t5+Kj4IgSbYmunf2BB6EKLkWUq+XlqaFRiGOk8bmBapu9bCDrxjf4kUnWn59Dka3I27EiuHBKd1rSO4osLFQ==
  
  esbuild-freebsd-64@0.15.10:
    version "0.15.10"
    resolved "https://registry.yarnpkg.com/esbuild-freebsd-64/-/esbuild-freebsd-64-0.15.10.tgz#ab301c5f6ded5110dbdd611140bef1a7c2e99236"
    integrity sha512-KMBFMa7C8oc97nqDdoZwtDBX7gfpolkk6Bcmj6YFMrtCMVgoU/x2DI1p74DmYl7CSS6Ppa3xgemrLrr5IjIn0w==
  
  esbuild-freebsd-arm64@0.15.10:
    version "0.15.10"
    resolved "https://registry.yarnpkg.com/esbuild-freebsd-arm64/-/esbuild-freebsd-arm64-0.15.10.tgz#a5b09b867a6ff49110f52343b6f12265db63d43f"
    integrity sha512-m2KNbuCX13yQqLlbSojFMHpewbn8wW5uDS6DxRpmaZKzyq8Dbsku6hHvh2U+BcLwWY4mpgXzFUoENEf7IcioGg==
  
  esbuild-linux-32@0.15.10:
    version "0.15.10"
    resolved "https://registry.yarnpkg.com/esbuild-linux-32/-/esbuild-linux-32-0.15.10.tgz#5282fe9915641caf9c8070e4ba2c3e16d358f837"
    integrity sha512-guXrwSYFAvNkuQ39FNeV4sNkNms1bLlA5vF1H0cazZBOLdLFIny6BhT+TUbK/hdByMQhtWQ5jI9VAmPKbVPu1w==
  
  esbuild-linux-64@0.15.10:
    version "0.15.10"
    resolved "https://registry.npmjs.org/esbuild-linux-64/-/esbuild-linux-64-0.15.10.tgz"
    integrity sha512-jd8XfaSJeucMpD63YNMO1JCrdJhckHWcMv6O233bL4l6ogQKQOxBYSRP/XLWP+6kVTu0obXovuckJDcA0DKtQA==
  
  esbuild-linux-arm64@0.15.10:
    version "0.15.10"
    resolved "https://registry.yarnpkg.com/esbuild-linux-arm64/-/esbuild-linux-arm64-0.15.10.tgz#2f0056e9d5286edb0185b56655caa8c574d8dbe7"
    integrity sha512-GByBi4fgkvZFTHFDYNftu1DQ1GzR23jws0oWyCfhnI7eMOe+wgwWrc78dbNk709Ivdr/evefm2PJiUBMiusS1A==
  
  esbuild-linux-arm@0.15.10:
    version "0.15.10"
    resolved "https://registry.yarnpkg.com/esbuild-linux-arm/-/esbuild-linux-arm-0.15.10.tgz#40a9270da3c8ffa32cf72e24a79883e323dff08d"
    integrity sha512-6N8vThLL/Lysy9y4Ex8XoLQAlbZKUyExCWyayGi2KgTBelKpPgj6RZnUaKri0dHNPGgReJriKVU6+KDGQwn10A==
  
  esbuild-linux-mips64le@0.15.10:
    version "0.15.10"
    resolved "https://registry.yarnpkg.com/esbuild-linux-mips64le/-/esbuild-linux-mips64le-0.15.10.tgz#90ce1c4ee0202edb4ac69807dea77f7e5804abc4"
    integrity sha512-BxP+LbaGVGIdQNJUNF7qpYjEGWb0YyHVSKqYKrn+pTwH/SiHUxFyJYSP3pqkku61olQiSBnSmWZ+YUpj78Tw7Q==
  
  esbuild-linux-ppc64le@0.15.10:
    version "0.15.10"
    resolved "https://registry.yarnpkg.com/esbuild-linux-ppc64le/-/esbuild-linux-ppc64le-0.15.10.tgz#782837ae7bd5b279178106c9dd801755a21fabdf"
    integrity sha512-LoSQCd6498PmninNgqd/BR7z3Bsk/mabImBWuQ4wQgmQEeanzWd5BQU2aNi9mBURCLgyheuZS6Xhrw5luw3OkQ==
  
  esbuild-linux-riscv64@0.15.10:
    version "0.15.10"
    resolved "https://registry.yarnpkg.com/esbuild-linux-riscv64/-/esbuild-linux-riscv64-0.15.10.tgz#d7420d806ece5174f24f4634303146f915ab4207"
    integrity sha512-Lrl9Cr2YROvPV4wmZ1/g48httE8z/5SCiXIyebiB5N8VT7pX3t6meI7TQVHw/wQpqP/AF4SksDuFImPTM7Z32Q==
  
  esbuild-linux-s390x@0.15.10:
    version "0.15.10"
    resolved "https://registry.yarnpkg.com/esbuild-linux-s390x/-/esbuild-linux-s390x-0.15.10.tgz#21fdf0cb3494a7fb520a71934e4dffce67fe47be"
    integrity sha512-ReP+6q3eLVVP2lpRrvl5EodKX7EZ1bS1/z5j6hsluAlZP5aHhk6ghT6Cq3IANvvDdscMMCB4QEbI+AjtvoOFpA==
  
  esbuild-netbsd-64@0.15.10:
    version "0.15.10"
    resolved "https://registry.yarnpkg.com/esbuild-netbsd-64/-/esbuild-netbsd-64-0.15.10.tgz#6c06b3107e3df53de381e6299184d4597db0440f"
    integrity sha512-iGDYtJCMCqldMskQ4eIV+QSS/CuT7xyy9i2/FjpKvxAuCzrESZXiA1L64YNj6/afuzfBe9i8m/uDkFHy257hTw==
  
  esbuild-openbsd-64@0.15.10:
    version "0.15.10"
    resolved "https://registry.yarnpkg.com/esbuild-openbsd-64/-/esbuild-openbsd-64-0.15.10.tgz#4daef5f5d8e74bbda53b65160029445d582570cf"
    integrity sha512-ftMMIwHWrnrYnvuJQRJs/Smlcb28F9ICGde/P3FUTCgDDM0N7WA0o9uOR38f5Xe2/OhNCgkjNeb7QeaE3cyWkQ==
  
  esbuild-sunos-64@0.15.10:
    version "0.15.10"
    resolved "https://registry.yarnpkg.com/esbuild-sunos-64/-/esbuild-sunos-64-0.15.10.tgz#5fe7bef267a02f322fd249a8214d0274937388a7"
    integrity sha512-mf7hBL9Uo2gcy2r3rUFMjVpTaGpFJJE5QTDDqUFf1632FxteYANffDZmKbqX0PfeQ2XjUDE604IcE7OJeoHiyg==
  
  esbuild-windows-32@0.15.10:
    version "0.15.10"
    resolved "https://registry.yarnpkg.com/esbuild-windows-32/-/esbuild-windows-32-0.15.10.tgz#48e3dde25ab0135579a288b30ab6ddef6d1f0b28"
    integrity sha512-ttFVo+Cg8b5+qHmZHbEc8Vl17kCleHhLzgT8X04y8zudEApo0PxPg9Mz8Z2cKH1bCYlve1XL8LkyXGFjtUYeGg==
  
  esbuild-windows-64@0.15.10:
    version "0.15.10"
    resolved "https://registry.yarnpkg.com/esbuild-windows-64/-/esbuild-windows-64-0.15.10.tgz#387a9515bef3fee502d277a5d0a2db49a4ecda05"
    integrity sha512-2H0gdsyHi5x+8lbng3hLbxDWR7mKHWh5BXZGKVG830KUmXOOWFE2YKJ4tHRkejRduOGDrBvHBriYsGtmTv3ntA==
  
  esbuild-windows-arm64@0.15.10:
    version "0.15.10"
    resolved "https://registry.yarnpkg.com/esbuild-windows-arm64/-/esbuild-windows-arm64-0.15.10.tgz#5a6fcf2fa49e895949bf5495cf088ab1b43ae879"
    integrity sha512-S+th4F+F8VLsHLR0zrUcG+Et4hx0RKgK1eyHc08kztmLOES8BWwMiaGdoW9hiXuzznXQ0I/Fg904MNbr11Nktw==
  
  esbuild@^0.15.6:
    version "0.15.10"
    resolved "https://registry.npmjs.org/esbuild/-/esbuild-0.15.10.tgz"
    integrity sha512-N7wBhfJ/E5fzn/SpNgX+oW2RLRjwaL8Y0ezqNqhjD6w0H2p0rDuEz2FKZqpqLnO8DCaWumKe8dsC/ljvVSSxng==
    optionalDependencies:
      "@esbuild/android-arm" "0.15.10"
      "@esbuild/linux-loong64" "0.15.10"
      esbuild-android-64 "0.15.10"
      esbuild-android-arm64 "0.15.10"
      esbuild-darwin-64 "0.15.10"
      esbuild-darwin-arm64 "0.15.10"
      esbuild-freebsd-64 "0.15.10"
      esbuild-freebsd-arm64 "0.15.10"
      esbuild-linux-32 "0.15.10"
      esbuild-linux-64 "0.15.10"
      esbuild-linux-arm "0.15.10"
      esbuild-linux-arm64 "0.15.10"
      esbuild-linux-mips64le "0.15.10"
      esbuild-linux-ppc64le "0.15.10"
      esbuild-linux-riscv64 "0.15.10"
      esbuild-linux-s390x "0.15.10"
      esbuild-netbsd-64 "0.15.10"
      esbuild-openbsd-64 "0.15.10"
      esbuild-sunos-64 "0.15.10"
      esbuild-windows-32 "0.15.10"
      esbuild-windows-64 "0.15.10"
      esbuild-windows-arm64 "0.15.10"
  
  escalade@^3.1.1:
    version "3.1.1"
    resolved "https://registry.npmjs.org/escalade/-/escalade-3.1.1.tgz"
    integrity sha512-k0er2gUkLf8O0zKJiAhmkTnJlTvINGv7ygDNPbeIsX/TJjGJZHuh9B2UxbsaEkmlEo9MfhrSzmhIlhRlI2GXnw==
  
  escape-string-regexp@^1.0.5:
    version "1.0.5"
    resolved "https://registry.npmjs.org/escape-string-regexp/-/escape-string-regexp-1.0.5.tgz"
    integrity sha512-vbRorB5FUQWvla16U8R/qgaFIya2qGzwDrNmCZuYKrbdSUMG6I1ZCGQRefkRVhuOkIGVne7BQ35DSfo1qvJqFg==
  
  fast-glob@^3.2.9:
    version "3.2.11"
    resolved "https://registry.npmjs.org/fast-glob/-/fast-glob-3.2.11.tgz"
    integrity sha512-xrO3+1bxSo3ZVHAnqzyuewYT6aMFHRAd4Kcs92MAonjwQZLsK9d0SF1IyQ3k5PoirxTW0Oe/RqFgMQ6TcNE5Ew==
    dependencies:
      "@nodelib/fs.stat" "^2.0.2"
      "@nodelib/fs.walk" "^1.2.3"
      glob-parent "^5.1.2"
      merge2 "^1.3.0"
      micromatch "^4.0.4"
  
  fastq@^1.6.0:
    version "1.13.0"
    resolved "https://registry.npmjs.org/fastq/-/fastq-1.13.0.tgz"
    integrity sha512-YpkpUnK8od0o1hmeSc7UUs/eB/vIPWJYjKck2QKIzAf71Vm1AAQ3EbuZB3g2JIy+pg+ERD0vqI79KyZiB2e2Nw==
    dependencies:
      reusify "^1.0.4"
  
  fill-range@^7.0.1:
    version "7.0.1"
    resolved "https://registry.npmjs.org/fill-range/-/fill-range-7.0.1.tgz"
    integrity sha512-qOo9F+dMUmC2Lcb4BbVvnKJxTPjCm+RRpe4gDuGrzkL7mEVl/djYSu2OdQ2Pa302N4oqkSg9ir6jaLWJ2USVpQ==
    dependencies:
      to-regex-range "^5.0.1"
  
  find-up@^3.0.0:
    version "3.0.0"
    resolved "https://registry.npmjs.org/find-up/-/find-up-3.0.0.tgz"
    integrity sha512-1yD6RmLI1XBfxugvORwlck6f75tYL+iR0jqwsOrOxMZyGYqUuDhJ0l4AXdO1iX/FTs9cBAMEk1gWSEx1kSbylg==
    dependencies:
      locate-path "^3.0.0"
  
  fs-extra@^10.0.0:
    version "10.1.0"
    resolved "https://registry.npmjs.org/fs-extra/-/fs-extra-10.1.0.tgz"
    integrity sha512-oRXApq54ETRj4eMiFzGnHWGy+zo5raudjuxN0b8H7s/RU2oW0Wvsx9O0ACRN/kRq9E8Vu/ReskGB5o3ji+FzHQ==
    dependencies:
      graceful-fs "^4.2.0"
      jsonfile "^6.0.1"
      universalify "^2.0.0"
  
  fs.realpath@^1.0.0:
    version "1.0.0"
    resolved "https://registry.npmjs.org/fs.realpath/-/fs.realpath-1.0.0.tgz"
    integrity sha512-OO0pH2lK6a0hZnAdau5ItzHPI6pUlvI7jMVnxUQRtw4owF2wk8lOSabtGDCTP4Ggrg2MbGnWO9X8K1t4+fGMDw==
  
  fsevents@~2.3.2:
    version "2.3.2"
    resolved "https://registry.yarnpkg.com/fsevents/-/fsevents-2.3.2.tgz#8a526f78b8fdf4623b709e0b975c52c24c02fd1a"
    integrity sha512-xiqMQR4xAeHTuB9uWm+fFRcIOgKBMiOBP+eXiyT7jsgVCq1bkVygt00oASowB7EdtpOHaaPgKt812P9ab+DDKA==
  
  function-bind@^1.1.1:
    version "1.1.1"
    resolved "https://registry.npmjs.org/function-bind/-/function-bind-1.1.1.tgz"
    integrity sha512-yIovAzMX49sF8Yl58fSCWJ5svSLuaibPxXQJFLmBObTuCr0Mf1KiPopGM9NiFjiYBCbfaa2Fh6breQ6ANVTI0A==
  
  gensync@^1.0.0-beta.2:
    version "1.0.0-beta.2"
    resolved "https://registry.npmjs.org/gensync/-/gensync-1.0.0-beta.2.tgz"
    integrity sha512-3hN7NaskYvMDLQY55gnW3NQ+mesEAepTqlg+VEbj7zzqEMBVNhzcGYYeqFo/TlYz6eQiFcp1HcsCZO+nGgS8zg==
  
  glob-parent@^5.1.2:
    version "5.1.2"
    resolved "https://registry.npmjs.org/glob-parent/-/glob-parent-5.1.2.tgz"
    integrity sha512-AOIgSQCepiJYwP3ARnGx+5VnTu2HBYdzbGP45eLw1vr3zB3vZLeyed1sC9hnbcOc9/SrMyM5RPQrkGz4aS9Zow==
    dependencies:
      is-glob "^4.0.1"
  
  glob@^7.1.3:
    version "7.2.3"
    resolved "https://registry.npmjs.org/glob/-/glob-7.2.3.tgz"
    integrity sha512-nFR0zLpU2YCaRxwoCJvL6UvCH2JFyFVIvwTLsIf21AuHlMskA1hhTdk+LlYJtOlYt9v6dvszD2BGRqBL+iQK9Q==
    dependencies:
      fs.realpath "^1.0.0"
      inflight "^1.0.4"
      inherits "2"
      minimatch "^3.1.1"
      once "^1.3.0"
      path-is-absolute "^1.0.0"
  
  globals@^11.1.0:
    version "11.12.0"
    resolved "https://registry.npmjs.org/globals/-/globals-11.12.0.tgz"
    integrity sha512-WOBp/EEGUiIsJSp7wcv/y6MO+lV9UoncWqxuFfm8eBwzWNgyfBd6Gz+IeKQ9jCmyhoH99g15M3T+QaVHFjizVA==
  
  globby@^11.0.1:
    version "11.1.0"
    resolved "https://registry.npmjs.org/globby/-/globby-11.1.0.tgz"
    integrity sha512-jhIXaOzy1sb8IyocaruWSn1TjmnBVs8Ayhcy83rmxNJ8q2uWKCAj3CnJY+KpGSXCueAPc0i05kVvVKtP1t9S3g==
    dependencies:
      array-union "^2.1.0"
      dir-glob "^3.0.1"
      fast-glob "^3.2.9"
      ignore "^5.2.0"
      merge2 "^1.4.1"
      slash "^3.0.0"
  
  graceful-fs@^4.1.6, graceful-fs@^4.2.0, graceful-fs@^4.2.4:
    version "4.2.10"
    resolved "https://registry.npmjs.org/graceful-fs/-/graceful-fs-4.2.10.tgz"
    integrity sha512-9ByhssR2fPVsNZj478qUUbKfmL0+t5BDVyjShtyZZLiK7ZDAArFFfopyOTj0M05wE2tJPisA4iTnnXl2YoPvOA==
  
  has-flag@^3.0.0:
    version "3.0.0"
    resolved "https://registry.npmjs.org/has-flag/-/has-flag-3.0.0.tgz"
    integrity sha512-sKJf1+ceQBr4SMkvQnBDNDtf4TXpVhVGateu0t918bl30FnbE2m4vNLX+VWe/dpjlb+HugGYzW7uQXH98HPEYw==
  
  has@^1.0.3:
    version "1.0.3"
    resolved "https://registry.npmjs.org/has/-/has-1.0.3.tgz"
    integrity sha512-f2dvO0VU6Oej7RkWJGrehjbzMAjFp5/VKPp5tTpWIV4JHHZK1/BxbFRtf/siA2SWTe09caDmVtYYzWEIbBS4zw==
    dependencies:
      function-bind "^1.1.1"
  
  ignore@^5.2.0:
    version "5.2.0"
    resolved "https://registry.npmjs.org/ignore/-/ignore-5.2.0.tgz"
    integrity sha512-CmxgYGiEPCLhfLnpPp1MoRmifwEIOgjcHXxOBjv7mY96c+eWScsOP9c112ZyLdWHi0FxHjI+4uVhKYp/gcdRmQ==
  
  indent-string@^4.0.0:
    version "4.0.0"
    resolved "https://registry.npmjs.org/indent-string/-/indent-string-4.0.0.tgz"
    integrity sha512-EdDDZu4A2OyIK7Lr/2zG+w5jmbuk1DVBnEwREQvBzspBJkCEbRa8GxU1lghYcaGJCnRWibjDXlq779X1/y5xwg==
  
  inflight@^1.0.4:
    version "1.0.6"
    resolved "https://registry.npmjs.org/inflight/-/inflight-1.0.6.tgz"
    integrity sha512-k92I/b08q4wvFscXCLvqfsHCrjrF7yiXsQuIVvVE7N82W3+aqpzuUdBbfhWcy/FZR3/4IgflMgKLOsvPDrGCJA==
    dependencies:
      once "^1.3.0"
      wrappy "1"
  
  inherits@2:
    version "2.0.4"
    resolved "https://registry.npmjs.org/inherits/-/inherits-2.0.4.tgz"
    integrity sha512-k/vGaX4/Yla3WzyMCvTQOXYeIHvqOKtnqBduzTHpzpQZzAskKMhZ2K+EnBiSM9zGSoIFeMpXKxa4dYeZIQqewQ==
  
  invariant@^2.2.4:
    version "2.2.4"
    resolved "https://registry.npmjs.org/invariant/-/invariant-2.2.4.tgz"
    integrity sha512-phJfQVBuaJM5raOpJjSfkiD6BpbCE4Ns//LaXl6wGYtUBY83nWS6Rf9tXm2e8VaK60JEjYldbPif/A2B1C2gNA==
    dependencies:
      loose-envify "^1.0.0"
  
  is-core-module@^2.9.0:
    version "2.9.0"
    resolved "https://registry.npmjs.org/is-core-module/-/is-core-module-2.9.0.tgz"
    integrity sha512-+5FPy5PnwmO3lvfMb0AsoPaBG+5KHUI0wYFXOtYPnVVVspTFUuMZNfNaNVRt3FZadstu2c8x23vykRW/NBoU6A==
    dependencies:
      has "^1.0.3"
  
  is-extglob@^2.1.1:
    version "2.1.1"
    resolved "https://registry.npmjs.org/is-extglob/-/is-extglob-2.1.1.tgz"
    integrity sha512-SbKbANkN603Vi4jEZv49LeVJMn4yGwsbzZworEoyEiutsN3nJYdbO36zfhGJ6QEDpOZIFkDtnq5JRxmvl3jsoQ==
  
  is-glob@^4.0.1:
    version "4.0.3"
    resolved "https://registry.npmjs.org/is-glob/-/is-glob-4.0.3.tgz"
    integrity sha512-xelSayHH36ZgE7ZWhli7pW34hNbNl8Ojv5KVmkJD4hBdD3th8Tfk9vYasLM+mXWOZhFkgZfxhLSnrwRr4elSSg==
    dependencies:
      is-extglob "^2.1.1"
  
  is-number@^7.0.0:
    version "7.0.0"
    resolved "https://registry.npmjs.org/is-number/-/is-number-7.0.0.tgz"
    integrity sha512-41Cifkg6e8TylSpdtTpeLVMqvSBEVzTttHvERD741+pnZ8ANv0004MRL43QKPDlK9cGvNp6NZWZUBlbGXYxxng==
  
  is-path-cwd@^2.2.0:
    version "2.2.0"
    resolved "https://registry.npmjs.org/is-path-cwd/-/is-path-cwd-2.2.0.tgz"
    integrity sha512-w942bTcih8fdJPJmQHFzkS76NEP8Kzzvmw92cXsazb8intwLqPibPPdXf4ANdKV3rYMuuQYGIWtvz9JilB3NFQ==
  
  is-path-inside@^3.0.2:
    version "3.0.3"
    resolved "https://registry.npmjs.org/is-path-inside/-/is-path-inside-3.0.3.tgz"
    integrity sha512-Fd4gABb+ycGAmKou8eMftCupSir5lRxqf4aD/vd0cD2qc4HL07OjCeuHMr8Ro4CoMaeCKDB0/ECBOVWjTwUvPQ==
  
  is-stream@^2.0.0:
    version "2.0.1"
    resolved "https://registry.npmjs.org/is-stream/-/is-stream-2.0.1.tgz"
    integrity sha512-hFoiJiTl63nn+kstHGBtewWSKnQLpyb155KHheA1l39uvtO9nWIop1p3udqPcUd/xbF1VLMO4n7OI6p7RbngDg==
  
  isexe@^2.0.0:
    version "2.0.0"
    resolved "https://registry.npmjs.org/isexe/-/isexe-2.0.0.tgz"
    integrity sha512-RHxMLp9lnKHGHRng9QFhRCMbYAcVpn69smSGcq3f36xjgVVWThj4qqLbTLlq7Ssj8B+fIQ1EuCEGI2lKsyQeIw==
  
  "js-tokens@^3.0.0 || ^4.0.0", js-tokens@^4.0.0:
    version "4.0.0"
    resolved "https://registry.npmjs.org/js-tokens/-/js-tokens-4.0.0.tgz"
    integrity sha512-RdJUflcE3cUzKiMqQgsCu06FPu9UdIJO0beYbPhHN4k6apgJtifcoCtT9bcxOpYBtpD2kCM6Sbzg4CausW/PKQ==
  
  jsesc@^2.5.1:
    version "2.5.2"
    resolved "https://registry.npmjs.org/jsesc/-/jsesc-2.5.2.tgz"
    integrity sha512-OYu7XEzjkCQ3C5Ps3QIZsQfNpqoJyZZA99wd9aWd05NCtC5pWOkShK2mkL6HXQR6/Cy2lbNdPlZBpuQHXE63gA==
  
  json5@^2.2.1:
    version "2.2.1"
    resolved "https://registry.npmjs.org/json5/-/json5-2.2.1.tgz"
    integrity sha512-1hqLFMSrGHRHxav9q9gNjJ5EXznIxGVO09xQRrwplcS8qs28pZ8s8hupZAmqDwZUmVZ2Qb2jnyPOWcDH8m8dlA==
  
  jsonfile@^6.0.1:
    version "6.1.0"
    resolved "https://registry.npmjs.org/jsonfile/-/jsonfile-6.1.0.tgz"
    integrity sha512-5dgndWOriYSm5cnYaJNhalLNDKOqFwyDB/rr1E9ZsGciGvKPs8R2xYGCacuf3z6K1YKDz182fd+fY3cn3pMqXQ==
    dependencies:
      universalify "^2.0.0"
    optionalDependencies:
      graceful-fs "^4.1.6"
  
  locate-path@^3.0.0:
    version "3.0.0"
    resolved "https://registry.npmjs.org/locate-path/-/locate-path-3.0.0.tgz"
    integrity sha512-7AO748wWnIhNqAuaty2ZWHkQHRSNfPVIsPIfwEOWO22AmaoVrWavlOcMR5nzTLNYvp36X220/maaRsrec1G65A==
    dependencies:
      p-locate "^3.0.0"
      path-exists "^3.0.0"
  
  loose-envify@^1.0.0, loose-envify@^1.1.0, loose-envify@^1.4.0:
    version "1.4.0"
    resolved "https://registry.npmjs.org/loose-envify/-/loose-envify-1.4.0.tgz"
    integrity sha512-lyuxPGr/Wfhrlem2CL/UcnUc1zcqKAImBDzukY7Y5F/yQiNdko6+fRLevlw1HgMySw7f611UIY408EtxRSoK3Q==
    dependencies:
      js-tokens "^3.0.0 || ^4.0.0"
  
  lru-cache@^6.0.0:
    version "6.0.0"
    resolved "https://registry.npmjs.org/lru-cache/-/lru-cache-6.0.0.tgz"
    integrity sha512-Jo6dJ04CmSjuznwJSS3pUeWmd/H0ffTlkXXgwZi+eq1UCmqQwCh+eLsYOYCwY991i2Fah4h1BEMCx4qThGbsiA==
    dependencies:
      yallist "^4.0.0"
  
  magic-string@^0.26.2:
    version "0.26.2"
    resolved "https://registry.npmjs.org/magic-string/-/magic-string-0.26.2.tgz"
    integrity sha512-NzzlXpclt5zAbmo6h6jNc8zl2gNRGHvmsZW4IvZhTC4W7k4OlLP+S5YLussa/r3ixNT66KOQfNORlXHSOy/X4A==
    dependencies:
      sourcemap-codec "^1.4.8"
  
  merge2@^1.3.0, merge2@^1.4.1:
    version "1.4.1"
    resolved "https://registry.npmjs.org/merge2/-/merge2-1.4.1.tgz"
    integrity sha512-8q7VEgMJW4J8tcfVPy8g09NcQwZdbwFEqhe/WZkoIzjn/3TGDwtOCYtXGxA3O8tPzpczCCDgv+P2P5y00ZJOOg==
  
  micromatch@^4.0.4:
    version "4.0.5"
    resolved "https://registry.npmjs.org/micromatch/-/micromatch-4.0.5.tgz"
    integrity sha512-DMy+ERcEW2q8Z2Po+WNXuw3c5YaUSFjAO5GsJqfEl7UjvtIuFKO6ZrKvcItdy98dwFI2N1tg3zNIdKaQT+aNdA==
    dependencies:
      braces "^3.0.2"
      picomatch "^2.3.1"
  
  minimatch@^3.1.1:
    version "3.1.2"
    resolved "https://registry.npmjs.org/minimatch/-/minimatch-3.1.2.tgz"
    integrity sha512-J7p63hRiAjw1NDEww1W7i37+ByIrOWO5XQQAzZ3VOcL0PNybwpfmV/N05zFAzwQ9USyEcX6t3UO+K5aqBQOIHw==
    dependencies:
      brace-expansion "^1.1.7"
  
  ms@2.1.2:
    version "2.1.2"
    resolved "https://registry.npmjs.org/ms/-/ms-2.1.2.tgz"
    integrity sha512-sGkPx+VjMtmA6MX27oA4FBFELFCZZ4S4XqeGOXCv68tT+jb3vk/RyaKWP0PTKyWtmLSM0b+adUTEvbs1PEaH2w==
  
  nanoid@^3.3.4:
    version "3.3.4"
    resolved "https://registry.npmjs.org/nanoid/-/nanoid-3.3.4.tgz"
    integrity sha512-MqBkQh/OHTS2egovRtLk45wEyNXwF+cokD+1YPf9u5VfJiRdAiRwB2froX5Co9Rh20xs4siNPm8naNotSD6RBw==
  
  node-releases@^2.0.6:
    version "2.0.6"
    resolved "https://registry.npmjs.org/node-releases/-/node-releases-2.0.6.tgz"
    integrity sha512-PiVXnNuFm5+iYkLBNeq5211hvO38y63T0i2KKh2KnUs3RpzJ+JtODFjkD8yjLwnDkTYF1eKXheUwdssR+NRZdg==
  
  object-assign@^4.1.1:
    version "4.1.1"
    resolved "https://registry.npmjs.org/object-assign/-/object-assign-4.1.1.tgz"
    integrity sha512-rJgTQnkUnH1sFw8yT6VSU3zD3sWmu6sZhIseY8VX+GRu3P6F7Fu+JNDoXfklElbLJSnc3FUQHVe4cU5hj+BcUg==
  
  once@^1.3.0:
    version "1.4.0"
    resolved "https://registry.npmjs.org/once/-/once-1.4.0.tgz"
    integrity sha512-lNaJgI+2Q5URQBkccEKHTQOPaXdUxnZZElQTZY0MFUAuaEqe1E+Nyvgdz/aIyNi6Z9MzO5dv1H8n58/GELp3+w==
    dependencies:
      wrappy "1"
  
  p-debounce@^2.1.0:
    version "2.1.0"
    resolved "https://registry.npmjs.org/p-debounce/-/p-debounce-2.1.0.tgz"
    integrity sha512-M9bMt62TTnozdZhqFgs+V7XD2MnuKCaz+7fZdlu2/T7xruI3uIE5CicQ0vx1hV7HIUYF0jF+4/R1AgfOkl74Qw==
  
  p-limit@^2.0.0:
    version "2.3.0"
    resolved "https://registry.npmjs.org/p-limit/-/p-limit-2.3.0.tgz"
    integrity sha512-//88mFWSJx8lxCzwdAABTJL2MyWB12+eIY7MDL2SqLmAkeKU9qxRvWuSyTjm3FUmpBEMuFfckAIqEaVGUDxb6w==
    dependencies:
      p-try "^2.0.0"
  
  p-locate@^3.0.0:
    version "3.0.0"
    resolved "https://registry.npmjs.org/p-locate/-/p-locate-3.0.0.tgz"
    integrity sha512-x+12w/To+4GFfgJhBEpiDcLozRJGegY+Ei7/z0tSLkMmxGZNybVMSfWj9aJn8Z5Fc7dBUNJOOVgPv2H7IwulSQ==
    dependencies:
      p-limit "^2.0.0"
  
  p-map@^4.0.0:
    version "4.0.0"
    resolved "https://registry.npmjs.org/p-map/-/p-map-4.0.0.tgz"
    integrity sha512-/bjOqmgETBYB5BoEeGVea8dmvHb2m9GLy1E9W43yeyfP6QQCZGFNa+XRceJEuDB6zqr+gKpIAmlLebMpykw/MQ==
    dependencies:
      aggregate-error "^3.0.0"
  
  p-try@^2.0.0:
    version "2.2.0"
    resolved "https://registry.npmjs.org/p-try/-/p-try-2.2.0.tgz"
    integrity sha512-R4nPAVTAU0B9D35/Gk3uJf/7XYbQcyohSKdvAxIRSNghFl4e71hVoGnBNQz9cWaXxO2I10KTC+3jMdvvoKw6dQ==
  
  path-exists@^3.0.0:
    version "3.0.0"
    resolved "https://registry.npmjs.org/path-exists/-/path-exists-3.0.0.tgz"
    integrity sha512-bpC7GYwiDYQ4wYLe+FA8lhRjhQCMcQGuSgGGqDkg/QerRWw9CmGRT0iSOVRSZJ29NMLZgIzqaljJ63oaL4NIJQ==
  
  path-is-absolute@^1.0.0:
    version "1.0.1"
    resolved "https://registry.npmjs.org/path-is-absolute/-/path-is-absolute-1.0.1.tgz"
    integrity sha512-AVbw3UJ2e9bq64vSaS9Am0fje1Pa8pbGqTTsmXfaIiMpnr5DlDhfJOuLj9Sf95ZPVDAUerDfEk88MPmPe7UCQg==
  
  path-parse@^1.0.7:
    version "1.0.7"
    resolved "https://registry.npmjs.org/path-parse/-/path-parse-1.0.7.tgz"
    integrity sha512-LDJzPVEEEPR+y48z93A0Ed0yXb8pAByGWo/k5YYdYgpY2/2EsOsksJrq7lOHxryrVOn1ejG6oAp8ahvOIQD8sw==
  
  path-type@^4.0.0:
    version "4.0.0"
    resolved "https://registry.npmjs.org/path-type/-/path-type-4.0.0.tgz"
    integrity sha512-gDKb8aZMDeD/tZWs9P6+q0J9Mwkdl6xMV8TjnGP3qJVJ06bdMgkbBlLU8IdfOsIsFz2BW1rNVT3XuNEl8zPAvw==
  
  picocolors@^1.0.0:
    version "1.0.0"
    resolved "https://registry.npmjs.org/picocolors/-/picocolors-1.0.0.tgz"
    integrity sha512-1fygroTLlHu66zi26VoTDv8yRgm0Fccecssto+MhsZ0D/DGW2sm8E8AjW7NU5VVTRt5GxbeZ5qBuJr+HyLYkjQ==
  
  picomatch@^2.3.1:
    version "2.3.1"
    resolved "https://registry.npmjs.org/picomatch/-/picomatch-2.3.1.tgz"
    integrity sha512-JU3teHTNjmE2VCGFzuY8EXzCDVwEqB2a8fsIvwaStHhAWJEeVd1o1QD80CU6+ZdEXXSLbSsuLwJjkCBWqRQUVA==
  
  pkg-up@^3.1.0:
    version "3.1.0"
    resolved "https://registry.npmjs.org/pkg-up/-/pkg-up-3.1.0.tgz"
    integrity sha512-nDywThFk1i4BQK4twPQ6TA4RT8bDY96yeuCVBWL3ePARCiEKDRSrNGbFIgUJpLp+XeIR65v8ra7WuJOFUBtkMA==
    dependencies:
      find-up "^3.0.0"
  
  postcss@^8.4.16:
    version "8.4.17"
    resolved "https://registry.npmjs.org/postcss/-/postcss-8.4.17.tgz"
    integrity sha512-UNxNOLQydcOFi41yHNMcKRZ39NeXlr8AxGuZJsdub8vIb12fHzcq37DTU/QtbI6WLxNg2gF9Z+8qtRwTj1UI1Q==
    dependencies:
      nanoid "^3.3.4"
      picocolors "^1.0.0"
      source-map-js "^1.0.2"
  
  prop-types@^15.6.0:
    version "15.8.1"
    resolved "https://registry.npmjs.org/prop-types/-/prop-types-15.8.1.tgz"
    integrity sha512-oj87CgZICdulUohogVAR7AjlC0327U4el4L6eAvOqCeudMDVU0NThNaV+b9Df4dXgSP1gXMTnPdhfe/2qDH5cg==
    dependencies:
      loose-envify "^1.4.0"
      object-assign "^4.1.1"
      react-is "^16.13.1"
  
  queue-microtask@^1.2.2:
    version "1.2.3"
    resolved "https://registry.npmjs.org/queue-microtask/-/queue-microtask-1.2.3.tgz"
    integrity sha512-NuaNSa6flKT5JaSYQzJok04JzTL1CA6aGhv5rfLW3PgqA+M2ChpZQnAC8h8i4ZFkBS8X5RqkDBHA7r4hej3K9A==
  
  react-dom@^18.2.0:
    version "18.2.0"
    resolved "https://registry.npmjs.org/react-dom/-/react-dom-18.2.0.tgz"
    integrity sha512-6IMTriUmvsjHUjNtEDudZfuDQUoWXVxKHhlEGSk81n4YFS+r/Kl99wXiwlVXtPBtJenozv2P+hxDsw9eA7Xo6g==
    dependencies:
      loose-envify "^1.1.0"
      scheduler "^0.23.0"
  
  react-is@^16.13.1:
    version "16.13.1"
    resolved "https://registry.npmjs.org/react-is/-/react-is-16.13.1.tgz"
    integrity sha512-24e6ynE2H+OKt4kqsOvNd8kBpV65zoxbA4BVsEOB3ARVWQki/DHzaUoC5KuON/BiccDaCCTZBuOcfZs70kR8bQ==
  
  react-lifecycles-compat@^3.0.4:
    version "3.0.4"
    resolved "https://registry.npmjs.org/react-lifecycles-compat/-/react-lifecycles-compat-3.0.4.tgz"
    integrity sha512-fBASbA6LnOU9dOU2eW7aQ8xmYBSXUIWr+UmF9b1efZBazGNO+rcXT/icdKnYm2pTwcRylVUYwW7H1PHfLekVzA==
  
  react-refresh@^0.14.0:
    version "0.14.0"
    resolved "https://registry.npmjs.org/react-refresh/-/react-refresh-0.14.0.tgz"
    integrity sha512-wViHqhAd8OHeLS/IRMJjTSDHF3U9eWi62F/MledQGPdJGDhodXJ9PBLNGr6WWL7qlH12Mt3TyTpbS+hGXMjCzQ==
  
  react@^18.2.0:
    version "18.2.0"
    resolved "https://registry.npmjs.org/react/-/react-18.2.0.tgz"
    integrity sha512-/3IjMdb2L9QbBdWiW5e3P2/npwMBaU9mHCSCUzNln0ZCYbcfTsGbTJrU/kGemdH2IWmB2ioZ+zkxtmq6g09fGQ==
    dependencies:
      loose-envify "^1.1.0"
  
  regenerator-runtime@^0.13.11:
    version "0.13.11"
    resolved "https://registry.npmjs.org/regenerator-runtime/-/regenerator-runtime-0.13.11.tgz"
    integrity sha512-kY1AZVr2Ra+t+piVaJ4gxaFaReZVH40AKNo7UCX6W+dEwBo/2oZJzqfuN1qLq1oL45o56cPaTXELwrTh8Fpggg==
  
  resolve@^1.22.1:
    version "1.22.1"
    resolved "https://registry.npmjs.org/resolve/-/resolve-1.22.1.tgz"
    integrity sha512-nBpuuYuY5jFsli/JIs1oldw6fOQCBioohqWZg/2hiaOybXOft4lonv85uDOKXdf8rhyK159cxU5cDcK/NKk8zw==
    dependencies:
      is-core-module "^2.9.0"
      path-parse "^1.0.7"
      supports-preserve-symlinks-flag "^1.0.0"
  
  reusify@^1.0.4:
    version "1.0.4"
    resolved "https://registry.npmjs.org/reusify/-/reusify-1.0.4.tgz"
    integrity sha512-U9nH88a3fc/ekCF1l0/UP1IosiuIjyTh7hBvXVMHYgVcfGvt897Xguj2UOLDeI5BG2m7/uwyaLVT6fbtCwTyzw==
  
  rimraf@^3.0.2:
    version "3.0.2"
    resolved "https://registry.npmjs.org/rimraf/-/rimraf-3.0.2.tgz"
    integrity sha512-JZkJMZkAGFFPP2YqXZXPbMlMBgsxzE8ILs4lMIX/2o0L9UBw9O/Y3o6wFw/i9YLapcUJWwqbi3kdxIPdC62TIA==
    dependencies:
      glob "^7.1.3"
  
  rollup@~2.78.0:
    version "2.78.1"
    resolved "https://registry.npmjs.org/rollup/-/rollup-2.78.1.tgz"
    integrity sha512-VeeCgtGi4P+o9hIg+xz4qQpRl6R401LWEXBmxYKOV4zlF82lyhgh2hTZnheFUbANE8l2A41F458iwj2vEYaXJg==
    optionalDependencies:
      fsevents "~2.3.2"
  
  run-parallel@^1.1.9:
    version "1.2.0"
    resolved "https://registry.npmjs.org/run-parallel/-/run-parallel-1.2.0.tgz"
    integrity sha512-5l4VyZR86LZ/lDxZTR6jqL8AFE2S0IFLMP26AbjsLVADxHdhB/c0GUsH+y39UfCi3dzz8OlQuPmnaJOMoDHQBA==
    dependencies:
      queue-microtask "^1.2.2"
  
  safe-buffer@~5.1.1:
    version "5.1.2"
    resolved "https://registry.npmjs.org/safe-buffer/-/safe-buffer-5.1.2.tgz"
    integrity sha512-Gd2UZBJDkXlY7GbJxfsE8/nvKkUEU1G38c1siN6QP6a9PT9MmHB8GnpscSmMJSoF8LOIrt8ud/wPtojys4G6+g==
  
  scheduler@^0.23.0:
    version "0.23.0"
    resolved "https://registry.npmjs.org/scheduler/-/scheduler-0.23.0.tgz"
    integrity sha512-CtuThmgHNg7zIZWAXi3AsyIzA3n4xx7aNyjwC2VJldO2LMVDhFK+63xGqq6CsJH4rTAt6/M+N4GhZiDYPx9eUw==
    dependencies:
      loose-envify "^1.1.0"
  
  semver@^6.3.0:
    version "6.3.0"
    resolved "https://registry.npmjs.org/semver/-/semver-6.3.0.tgz"
    integrity sha512-b39TBaTSfV6yBrapU89p5fKekE2m/NwnDocOVruQFS1/veMgdzuPcnOM34M6CwxW8jH/lxEa5rBoDeUwu5HHTw==
  
  semver@^7.3.5:
    version "7.3.7"
    resolved "https://registry.npmjs.org/semver/-/semver-7.3.7.tgz"
    integrity sha512-QlYTucUYOews+WeEujDoEGziz4K6c47V/Bd+LjSSYcA94p+DmINdf7ncaUinThfvZyu13lN9OY1XDxt8C0Tw0g==
    dependencies:
      lru-cache "^6.0.0"
  
  slash@^3.0.0:
    version "3.0.0"
    resolved "https://registry.npmjs.org/slash/-/slash-3.0.0.tgz"
    integrity sha512-g9Q1haeby36OSStwb4ntCGGGaKsaVSjQ68fBxoQcutl5fS1vuY18H3wSt3jFyFtrkx+Kz0V1G85A4MyAdDMi2Q==
  
  source-map-js@^1.0.2:
    version "1.0.2"
    resolved "https://registry.npmjs.org/source-map-js/-/source-map-js-1.0.2.tgz"
    integrity sha512-R0XvVJ9WusLiqTCEiGCmICCMplcCkIwwR11mOSD9CR5u+IXYdiseeEuXCVAjS54zqwkLcPNnmU4OeJ6tUrWhDw==
  
  sourcemap-codec@^1.4.8:
    version "1.4.8"
    resolved "https://registry.npmjs.org/sourcemap-codec/-/sourcemap-codec-1.4.8.tgz"
    integrity sha512-9NykojV5Uih4lgo5So5dtw+f0JgJX30KCNI8gwhz2J9A15wD0Ml6tjHKwf6fTSa6fAdVBdZeNOs9eJ71qCk8vA==
  
  supports-color@^5.3.0:
    version "5.5.0"
    resolved "https://registry.npmjs.org/supports-color/-/supports-color-5.5.0.tgz"
    integrity sha512-QjVjwdXIt408MIiAqCX4oUKsgU2EqAGzs2Ppkm4aQYbjm+ZEWEcW4SfFNTr4uMNZma0ey4f5lgLrkB0aX0QMow==
    dependencies:
      has-flag "^3.0.0"
  
  supports-preserve-symlinks-flag@^1.0.0:
    version "1.0.0"
    resolved "https://registry.npmjs.org/supports-preserve-symlinks-flag/-/supports-preserve-symlinks-flag-1.0.0.tgz"
    integrity sha512-ot0WnXS9fgdkgIcePe6RHNk1WA8+muPa6cSjeR3V8K27q9BB1rTE3R1p7Hv0z1ZyAc8s6Vvv8DIyWf681MAt0w==
  
  temp-dir@^2.0.0:
    version "2.0.0"
    resolved "https://registry.npmjs.org/temp-dir/-/temp-dir-2.0.0.tgz"
    integrity sha512-aoBAniQmmwtcKp/7BzsH8Cxzv8OL736p7v1ihGb5e9DJ9kTwGWHrQrVB5+lfVDzfGrdRzXch+ig7LHaY1JTOrg==
  
  tempy@^1.0.1:
    version "1.0.1"
    resolved "https://registry.npmjs.org/tempy/-/tempy-1.0.1.tgz"
    integrity sha512-biM9brNqxSc04Ee71hzFbryD11nX7VPhQQY32AdDmjFvodsRFz/3ufeoTZ6uYkRFfGo188tENcASNs3vTdsM0w==
    dependencies:
      del "^6.0.0"
      is-stream "^2.0.0"
      temp-dir "^2.0.0"
      type-fest "^0.16.0"
      unique-string "^2.0.0"
  
  to-fast-properties@^2.0.0:
    version "2.0.0"
    resolved "https://registry.npmjs.org/to-fast-properties/-/to-fast-properties-2.0.0.tgz"
    integrity sha512-/OaKK0xYrs3DmxRYqL/yDc+FxFUVYhDlXMhRmv3z915w2HF1tnN1omB354j8VUGO/hbRzyD6Y3sA7v7GS/ceog==
  
  to-regex-range@^5.0.1:
    version "5.0.1"
    resolved "https://registry.npmjs.org/to-regex-range/-/to-regex-range-5.0.1.tgz"
    integrity sha512-65P7iz6X5yEr1cwcgvQxbbIw7Uk3gOy5dIdtZ4rDveLqhrdJP+Li/Hx6tyK0NEb+2GCyneCMJiGqrADCSNk8sQ==
    dependencies:
      is-number "^7.0.0"
  
  type-fest@^0.16.0:
    version "0.16.0"
    resolved "https://registry.npmjs.org/type-fest/-/type-fest-0.16.0.tgz"
    integrity sha512-eaBzG6MxNzEn9kiwvtre90cXaNLkmadMWa1zQMs3XORCXNbsH/OewwbxC5ia9dCxIxnTAsSxXJaa/p5y8DlvJg==
  
  typescript-language-server@^0.11.2:
    version "0.11.2"
    resolved "https://registry.npmjs.org/typescript-language-server/-/typescript-language-server-0.11.2.tgz"
    integrity sha512-wEk2c2YkJenTb5ArWfSacgBiVKY2MBQUlayUyCX1QmBijuqh3PrNbIbrb6N3H8JLJVzgM9AL6Qjw+q6jDFzK0A==
    dependencies:
      commander "^9.0.0"
      fs-extra "^10.0.0"
      p-debounce "^2.1.0"
      pkg-up "^3.1.0"
      semver "^7.3.5"
      tempy "^1.0.1"
      vscode-languageserver "^7.0.0"
      vscode-languageserver-protocol "3.16.0"
      vscode-languageserver-textdocument "1.0.5"
      vscode-uri "^3.0.2"
      which "^2.0.2"
  
  typescript@^4.7.4:
    version "4.7.4"
    resolved "https://registry.npmjs.org/typescript/-/typescript-4.7.4.tgz"
    integrity sha512-C0WQT0gezHuw6AdY1M2jxUO83Rjf0HP7Sk1DtXj6j1EwkQNZrHAg2XPWlq62oqEhYvONq5pkC2Y9oPljWToLmQ==
  
  uncontrollable@^7.1.1:
    version "7.2.1"
    resolved "https://registry.npmjs.org/uncontrollable/-/uncontrollable-7.2.1.tgz"
    integrity sha512-svtcfoTADIB0nT9nltgjujTi7BzVmwjZClOmskKu/E8FW9BXzg9os8OLr4f8Dlnk0rYWJIWr4wv9eKUXiQvQwQ==
    dependencies:
      "@babel/runtime" "^7.6.3"
      "@types/react" ">=16.9.11"
      invariant "^2.2.4"
      react-lifecycles-compat "^3.0.4"
  
  unique-string@^2.0.0:
    version "2.0.0"
    resolved "https://registry.npmjs.org/unique-string/-/unique-string-2.0.0.tgz"
    integrity sha512-uNaeirEPvpZWSgzwsPGtU2zVSTrn/8L5q/IexZmH0eH6SA73CmAA5U4GwORTxQAZs95TAXLNqeLoPPNO5gZfWg==
    dependencies:
      crypto-random-string "^2.0.0"
  
  universalify@^2.0.0:
    version "2.0.0"
    resolved "https://registry.npmjs.org/universalify/-/universalify-2.0.0.tgz"
    integrity sha512-hAZsKq7Yy11Zu1DE0OzWjw7nnLZmJZYTDZZyEFHZdUhV8FkH5MCfoU1XMaxXovpyW5nq5scPqq0ZDP9Zyl04oQ==
  
  update-browserslist-db@^1.0.5:
    version "1.0.5"
    resolved "https://registry.npmjs.org/update-browserslist-db/-/update-browserslist-db-1.0.5.tgz"
    integrity sha512-dteFFpCyvuDdr9S/ff1ISkKt/9YZxKjI9WlRR99c180GaztJtRa/fn18FdxGVKVsnPY7/a/FDN68mcvUmP4U7Q==
    dependencies:
      escalade "^3.1.1"
      picocolors "^1.0.0"
  
  vite@^3.1.4:
    version "3.1.4"
    resolved "https://registry.npmjs.org/vite/-/vite-3.1.4.tgz"
    integrity sha512-JoQI08aBjY9lycL7jcEq4p9o1xUjq5aRvdH4KWaXtkSx7e7RpAh9D3IjzDWRD4Fg44LS3oDAIOG/Kq1L+82psA==
    dependencies:
      esbuild "^0.15.6"
      postcss "^8.4.16"
      resolve "^1.22.1"
      rollup "~2.78.0"
    optionalDependencies:
      fsevents "~2.3.2"
  
  vscode-jsonrpc@6.0.0:
    version "6.0.0"
    resolved "https://registry.npmjs.org/vscode-jsonrpc/-/vscode-jsonrpc-6.0.0.tgz"
    integrity sha512-wnJA4BnEjOSyFMvjZdpiOwhSq9uDoK8e/kpRJDTaMYzwlkrhG1fwDIZI94CLsLzlCK5cIbMMtFlJlfR57Lavmg==
  
  vscode-languageserver-protocol@3.16.0:
    version "3.16.0"
    resolved "https://registry.npmjs.org/vscode-languageserver-protocol/-/vscode-languageserver-protocol-3.16.0.tgz"
    integrity sha512-sdeUoAawceQdgIfTI+sdcwkiK2KU+2cbEYA0agzM2uqaUy2UpnnGHtWTHVEtS0ES4zHU0eMFRGN+oQgDxlD66A==
    dependencies:
      vscode-jsonrpc "6.0.0"
      vscode-languageserver-types "3.16.0"
  
  vscode-languageserver-textdocument@1.0.5:
    version "1.0.5"
    resolved "https://registry.npmjs.org/vscode-languageserver-textdocument/-/vscode-languageserver-textdocument-1.0.5.tgz"
    integrity sha512-1ah7zyQjKBudnMiHbZmxz5bYNM9KKZYz+5VQLj+yr8l+9w3g+WAhCkUkWbhMEdC5u0ub4Ndiye/fDyS8ghIKQg==
  
  vscode-languageserver-types@3.16.0:
    version "3.16.0"
    resolved "https://registry.npmjs.org/vscode-languageserver-types/-/vscode-languageserver-types-3.16.0.tgz"
    integrity sha512-k8luDIWJWyenLc5ToFQQMaSrqCHiLwyKPHKPQZ5zz21vM+vIVUSvsRpcbiECH4WR88K2XZqc4ScRcZ7nk/jbeA==
  
  vscode-languageserver@^7.0.0:
    version "7.0.0"
    resolved "https://registry.npmjs.org/vscode-languageserver/-/vscode-languageserver-7.0.0.tgz"
    integrity sha512-60HTx5ID+fLRcgdHfmz0LDZAXYEV68fzwG0JWwEPBode9NuMYTIxuYXPg4ngO8i8+Ou0lM7y6GzaYWbiDL0drw==
    dependencies:
      vscode-languageserver-protocol "3.16.0"
  
  vscode-uri@^3.0.2:
    version "3.0.3"
    resolved "https://registry.npmjs.org/vscode-uri/-/vscode-uri-3.0.3.tgz"
    integrity sha512-EcswR2S8bpR7fD0YPeS7r2xXExrScVMxg4MedACaWHEtx9ftCF/qHG1xGkolzTPcEmjTavCQgbVzHUIdTMzFGA==
  
  warning@^3.0.0:
    version "3.0.0"
    resolved "https://registry.npmjs.org/warning/-/warning-3.0.0.tgz"
    integrity sha512-jMBt6pUrKn5I+OGgtQ4YZLdhIeJmObddh6CsibPxyQ5yPZm1XExSyzC1LCNX7BzhxWgiHmizBWJTHJIjMjTQYQ==
    dependencies:
      loose-envify "^1.0.0"
  
  which@^2.0.2:
    version "2.0.2"
    resolved "https://registry.npmjs.org/which/-/which-2.0.2.tgz"
    integrity sha512-BLI3Tl1TW3Pvl70l3yq3Y64i+awpwXqsGBYWkkqMtnbXgrMD+yj7rhW0kuEDxzJaYXGjEW5ogapKNMEKNMjibA==
    dependencies:
      isexe "^2.0.0"
  
  wrappy@1:
    version "1.0.2"
    resolved "https://registry.npmjs.org/wrappy/-/wrappy-1.0.2.tgz"
    integrity sha512-l4Sp/DRseor9wL6EvV2+TuQn63dMkPjZ/sp9XkghTEbV9KlPS1xUsZ3u7/IQO4wxtcFB4bgpQPRcR3QCvezPcQ==
  
  yallist@^4.0.0:
    version "4.0.0"
    resolved "https://registry.npmjs.org/yallist/-/yallist-4.0.0.tgz"
    integrity sha512-3wdGidZyq5PB084XLES5TpOSRA3wjXAlIWMhum2kRcv/41Sn2emQ0dycQW4uZXLejwKvg6EsvbdlVL+FYEct7A==
